TN:
SF:/Users/sidneysousa/exemplo-testes-express/app.js
FNF:0
FNH:0
DA:1,1
DA:2,1
DA:3,1
DA:4,1
DA:5,1
DA:7,1
DA:9,1
DA:10,1
DA:11,1
DA:12,1
DA:14,1
DA:16,1
LF:12
LH:12
BRF:0
BRH:0
end_of_record
TN:
SF:/Users/sidneysousa/exemplo-testes-express/controllers/ProdutoController.js
FN:5,(anonymous_0)
FN:10,(anonymous_1)
FN:11,(anonymous_2)
FN:16,(anonymous_3)
FN:25,(anonymous_4)
FN:31,(anonymous_5)
FN:36,(anonymous_6)
FN:40,(anonymous_7)
FN:48,(anonymous_8)
FN:54,(anonymous_9)
FNF:10
FNH:7
FNDA:1,(anonymous_0)
FNDA:1,(anonymous_1)
FNDA:0,(anonymous_2)
FNDA:1,(anonymous_3)
FNDA:1,(anonymous_4)
FNDA:0,(anonymous_5)
FNDA:1,(anonymous_6)
FNDA:1,(anonymous_7)
FNDA:1,(anonymous_8)
FNDA:0,(anonymous_9)
DA:1,1
DA:2,1
DA:4,1
DA:6,1
DA:8,1
DA:10,1
DA:12,0
DA:13,0
DA:17,1
DA:18,1
DA:19,1
DA:20,0
DA:23,1
DA:26,1
DA:27,0
DA:29,1
DA:32,0
DA:33,0
DA:37,1
DA:38,1
DA:41,1
DA:42,1
DA:43,0
DA:46,1
DA:49,1
DA:50,0
DA:52,1
DA:55,0
DA:56,0
DA:61,1
LF:30
LH:20
BRDA:19,0,0,0
BRDA:19,0,1,1
BRDA:26,1,0,0
BRDA:26,1,1,1
BRDA:42,2,0,0
BRDA:42,2,1,1
BRDA:49,3,0,0
BRDA:49,3,1,1
BRF:8
BRH:4
end_of_record
TN:
SF:/Users/sidneysousa/exemplo-testes-express/models/Produto.js
FNF:0
FNH:0
DA:1,1
DA:3,1
DA:22,1
DA:23,1
LF:4
LH:4
BRF:0
BRH:0
end_of_record
TN:
SF:/Users/sidneysousa/exemplo-testes-express/routes/produtos.js
FNF:0
FNH:0
DA:1,1
DA:2,1
DA:4,1
DA:6,1
DA:7,1
DA:8,1
DA:9,1
DA:11,1
LF:8
LH:8
BRF:0
BRH:0
end_of_record
